
2026-02-25 22:18:32,077 - INFO - Epoch [1/50] | Train Loss: 1.6985 | Train Acc: 38.57% | Val Loss: 3.9981 | Val Acc: 10.00% | Time: 40.03s
2026-02-25 22:18:32,101 - INFO - ✅ 最优模型已保存！Best Acc: 10.00%
2026-02-25 22:19:17,857 - INFO - Epoch [2/50] | Train Loss: 1.3826 | Train Acc: 50.28% | Val Loss: 3.1204 | Val Acc: 10.33% | Time: 43.54s
2026-02-25 22:19:17,866 - INFO - ✅ 最优模型已保存！Best Acc: 10.33%
2026-02-25 22:20:04,414 - INFO - Epoch [3/50] | Train Loss: 1.2350 | Train Acc: 56.02% | Val Loss: 2.1048 | Val Acc: 26.42% | Time: 44.27s
2026-02-25 22:20:04,424 - INFO - ✅ 最优模型已保存！Best Acc: 26.42%
2026-02-25 22:20:50,712 - INFO - Epoch [4/50] | Train Loss: 1.1238 | Train Acc: 60.28% | Val Loss: 4.5053 | Val Acc: 9.99% | Time: 44.13s
2026-02-25 22:21:36,445 - INFO - Epoch [5/50] | Train Loss: 1.0378 | Train Acc: 63.74% | Val Loss: 1.9287 | Val Acc: 33.63% | Time: 43.53s
2026-02-25 22:21:36,462 - INFO - ✅ 最优模型已保存！Best Acc: 33.63%
2026-02-25 22:22:23,183 - INFO - Epoch [6/50] | Train Loss: 0.9671 | Train Acc: 66.11% | Val Loss: 4.3195 | Val Acc: 11.43% | Time: 43.89s
2026-02-25 22:23:08,779 - INFO - Epoch [7/50] | Train Loss: 0.9035 | Train Acc: 68.43% | Val Loss: 2.8373 | Val Acc: 19.43% | Time: 43.45s
2026-02-25 22:23:54,328 - INFO - Epoch [8/50] | Train Loss: 0.8491 | Train Acc: 70.52% | Val Loss: 2.3004 | Val Acc: 30.31% | Time: 43.43s
2026-02-25 22:24:40,022 - INFO - Epoch [9/50] | Train Loss: 0.8026 | Train Acc: 72.14% | Val Loss: 3.2627 | Val Acc: 20.61% | Time: 43.55s
2026-02-25 22:25:25,405 - INFO - Epoch [10/50] | Train Loss: 0.7588 | Train Acc: 73.67% | Val Loss: 3.8501 | Val Acc: 18.35% | Time: 43.22s
2026-02-25 22:26:11,139 - INFO - Epoch [11/50] | Train Loss: 0.7131 | Train Acc: 75.43% | Val Loss: 3.5831 | Val Acc: 19.67% | Time: 43.58s
2026-02-25 22:26:56,874 - INFO - Epoch [12/50] | Train Loss: 0.6777 | Train Acc: 76.68% | Val Loss: 2.1243 | Val Acc: 35.44% | Time: 43.60s
2026-02-25 22:26:56,885 - INFO - ✅ 最优模型已保存！Best Acc: 35.44%
2026-02-25 22:27:44,169 - INFO - Epoch [13/50] | Train Loss: 0.6378 | Train Acc: 78.19% | Val Loss: 4.8697 | Val Acc: 11.22% | Time: 44.94s
2026-02-25 22:28:33,308 - INFO - Epoch [14/50] | Train Loss: 0.6071 | Train Acc: 79.41% | Val Loss: 1.4991 | Val Acc: 51.07% | Time: 46.81s
2026-02-25 22:28:33,317 - INFO - ✅ 最优模型已保存！Best Acc: 51.07%
2026-02-25 22:29:22,385 - INFO - Epoch [15/50] | Train Loss: 0.5755 | Train Acc: 80.56% | Val Loss: 2.3617 | Val Acc: 33.75% | Time: 46.75s
2026-02-25 22:30:11,439 - INFO - Epoch [16/50] | Train Loss: 0.5474 | Train Acc: 81.49% | Val Loss: 3.2654 | Val Acc: 20.67% | Time: 46.76s
2026-02-25 22:30:57,415 - INFO - Epoch [17/50] | Train Loss: 0.5197 | Train Acc: 82.55% | Val Loss: 3.4452 | Val Acc: 21.73% | Time: 43.79s
2026-02-25 22:31:43,178 - INFO - Epoch [18/50] | Train Loss: 0.4908 | Train Acc: 83.40% | Val Loss: 3.5149 | Val Acc: 21.20% | Time: 43.64s
2026-02-25 22:32:28,997 - INFO - Epoch [19/50] | Train Loss: 0.4652 | Train Acc: 84.45% | Val Loss: 3.0864 | Val Acc: 26.94% | Time: 43.65s
2026-02-25 22:33:14,778 - INFO - Epoch [20/50] | Train Loss: 0.4408 | Train Acc: 85.26% | Val Loss: 2.5975 | Val Acc: 31.07% | Time: 43.64s
2026-02-25 22:34:00,491 - INFO - Epoch [21/50] | Train Loss: 0.4133 | Train Acc: 86.29% | Val Loss: 3.6209 | Val Acc: 17.69% | Time: 43.61s
2026-02-25 22:34:46,873 - INFO - Epoch [22/50] | Train Loss: 0.3899 | Train Acc: 87.24% | Val Loss: 3.4414 | Val Acc: 23.54% | Time: 44.19s
2026-02-25 22:35:33,937 - INFO - Epoch [23/50] | Train Loss: 0.3701 | Train Acc: 87.86% | Val Loss: 1.5696 | Val Acc: 51.31% | Time: 44.71s
2026-02-25 22:35:33,955 - INFO - ✅ 最优模型已保存！Best Acc: 51.31%
2026-02-25 22:36:20,096 - INFO - Epoch [24/50] | Train Loss: 0.3468 | Train Acc: 88.66% | Val Loss: 1.2604 | Val Acc: 61.53% | Time: 43.93s
2026-02-25 22:36:20,113 - INFO - ✅ 最优模型已保存！Best Acc: 61.53%
2026-02-25 22:37:06,311 - INFO - Epoch [25/50] | Train Loss: 0.3243 | Train Acc: 89.79% | Val Loss: 3.3386 | Val Acc: 29.68% | Time: 44.01s
2026-02-25 22:37:52,109 - INFO - Epoch [26/50] | Train Loss: 0.3075 | Train Acc: 90.25% | Val Loss: 5.6525 | Val Acc: 12.88% | Time: 43.58s
2026-02-25 22:38:37,925 - INFO - Epoch [27/50] | Train Loss: 0.2868 | Train Acc: 91.07% | Val Loss: 1.8151 | Val Acc: 51.48% | Time: 43.62s
2026-02-25 22:39:23,904 - INFO - Epoch [28/50] | Train Loss: 0.2680 | Train Acc: 91.92% | Val Loss: 2.6252 | Val Acc: 37.82% | Time: 43.82s
2026-02-25 22:40:09,771 - INFO - Epoch [29/50] | Train Loss: 0.2477 | Train Acc: 92.64% | Val Loss: 3.0821 | Val Acc: 31.80% | Time: 43.54s
2026-02-25 22:40:56,484 - INFO - Epoch [30/50] | Train Loss: 0.2348 | Train Acc: 93.10% | Val Loss: 1.1366 | Val Acc: 65.23% | Time: 44.53s
2026-02-25 22:40:56,501 - INFO - ✅ 最优模型已保存！Best Acc: 65.23%
2026-02-25 22:41:42,088 - INFO - Epoch [31/50] | Train Loss: 0.2189 | Train Acc: 93.77% | Val Loss: 1.1589 | Val Acc: 65.95% | Time: 43.45s
2026-02-25 22:41:42,099 - INFO - ✅ 最优模型已保存！Best Acc: 65.95%
2026-02-25 22:42:28,446 - INFO - Epoch [32/50] | Train Loss: 0.2058 | Train Acc: 94.25% | Val Loss: 1.2748 | Val Acc: 63.70% | Time: 43.82s
2026-02-25 22:43:13,972 - INFO - Epoch [33/50] | Train Loss: 0.1921 | Train Acc: 94.76% | Val Loss: 1.5289 | Val Acc: 56.80% | Time: 43.40s
2026-02-25 22:43:59,536 - INFO - Epoch [34/50] | Train Loss: 0.1819 | Train Acc: 95.22% | Val Loss: 1.2674 | Val Acc: 63.83% | Time: 43.45s
2026-02-25 22:44:45,264 - INFO - Epoch [35/50] | Train Loss: 0.1716 | Train Acc: 95.58% | Val Loss: 2.1392 | Val Acc: 46.01% | Time: 43.57s
2026-02-25 22:45:31,166 - INFO - Epoch [36/50] | Train Loss: 0.1623 | Train Acc: 95.96% | Val Loss: 1.4555 | Val Acc: 60.27% | Time: 43.76s
2026-02-25 22:46:17,311 - INFO - Epoch [37/50] | Train Loss: 0.1518 | Train Acc: 96.39% | Val Loss: 1.0557 | Val Acc: 69.06% | Time: 43.98s
2026-02-25 22:46:17,322 - INFO - ✅ 最优模型已保存！Best Acc: 69.06%
2026-02-25 22:47:03,126 - INFO - Epoch [38/50] | Train Loss: 0.1458 | Train Acc: 96.66% | Val Loss: 0.8960 | Val Acc: 73.44% | Time: 43.56s
2026-02-25 22:47:03,142 - INFO - ✅ 最优模型已保存！Best Acc: 73.44%
2026-02-25 22:47:48,666 - INFO - Epoch [39/50] | Train Loss: 0.1377 | Train Acc: 96.89% | Val Loss: 0.8880 | Val Acc: 73.94% | Time: 43.39s
2026-02-25 22:47:48,677 - INFO - ✅ 最优模型已保存！Best Acc: 73.94%
2026-02-25 22:48:34,503 - INFO - Epoch [40/50] | Train Loss: 0.1311 | Train Acc: 97.36% | Val Loss: 1.5825 | Val Acc: 57.28% | Time: 43.66s
2026-02-25 22:49:20,084 - INFO - Epoch [41/50] | Train Loss: 0.1292 | Train Acc: 97.32% | Val Loss: 0.9762 | Val Acc: 71.60% | Time: 43.45s
2026-02-25 22:50:05,965 - INFO - Epoch [42/50] | Train Loss: 0.1220 | Train Acc: 97.59% | Val Loss: 0.9631 | Val Acc: 72.50% | Time: 43.66s
2026-02-25 22:50:51,748 - INFO - Epoch [43/50] | Train Loss: 0.1199 | Train Acc: 97.71% | Val Loss: 0.9573 | Val Acc: 72.13% | Time: 43.64s
2026-02-25 22:51:37,248 - INFO - Epoch [44/50] | Train Loss: 0.1143 | Train Acc: 97.98% | Val Loss: 0.9218 | Val Acc: 73.44% | Time: 43.36s
2026-02-25 22:52:22,625 - INFO - Epoch [45/50] | Train Loss: 0.1116 | Train Acc: 98.04% | Val Loss: 0.9381 | Val Acc: 72.88% | Time: 43.20s
2026-02-25 22:53:08,030 - INFO - Epoch [46/50] | Train Loss: 0.1104 | Train Acc: 98.04% | Val Loss: 0.9048 | Val Acc: 74.05% | Time: 43.27s
2026-02-25 22:53:08,040 - INFO - ✅ 最优模型已保存！Best Acc: 74.05%
2026-02-25 22:53:54,025 - INFO - Epoch [47/50] | Train Loss: 0.1090 | Train Acc: 98.08% | Val Loss: 0.9037 | Val Acc: 73.99% | Time: 43.85s
2026-02-25 22:54:39,625 - INFO - Epoch [48/50] | Train Loss: 0.1064 | Train Acc: 98.22% | Val Loss: 0.9001 | Val Acc: 73.91% | Time: 43.47s
2026-02-25 22:55:25,388 - INFO - Epoch [49/50] | Train Loss: 0.1083 | Train Acc: 98.10% | Val Loss: 0.9027 | Val Acc: 73.82% | Time: 43.61s
2026-02-25 22:56:11,577 - INFO - Epoch [50/50] | Train Loss: 0.1058 | Train Acc: 98.37% | Val Loss: 0.9001 | Val Acc: 73.82% | Time: 43.85s
2026-02-26 00:15:01,001 - INFO - Epoch [1/50] | Train Loss: 2.0606 | Train Acc: 21.51% | Val Loss: 3.8116 | Val Acc: 10.21% | Time: 30.57s
2026-02-26 00:15:01,023 - INFO - ✅ 最优模型已保存！Best Acc: 10.21%
2026-02-26 00:15:35,049 - INFO - Epoch [2/50] | Train Loss: 1.7316 | Train Acc: 35.32% | Val Loss: 3.1871 | Val Acc: 15.30% | Time: 32.63s
2026-02-26 00:15:35,056 - INFO - ✅ 最优模型已保存！Best Acc: 15.30%
2026-02-26 00:16:09,657 - INFO - Epoch [3/50] | Train Loss: 1.6014 | Train Acc: 40.78% | Val Loss: 5.4407 | Val Acc: 10.00% | Time: 33.10s
2026-02-26 00:16:09,657 - INFO - ⚠️ 验证集准确率未提升，连续 1/5 个 epoch
2026-02-26 00:17:31,529 - INFO - Epoch [1/50] | Train Loss: 2.0881 | Train Acc: 20.48% | Val Loss: 6.2131 | Val Acc: 9.99% | Time: 28.79s
2026-02-26 00:17:31,539 - INFO - ✅ 最优模型已保存！Best Acc: 9.99%
2026-02-26 00:18:06,086 - INFO - Epoch [2/50] | Train Loss: 1.7802 | Train Acc: 32.96% | Val Loss: 3.6997 | Val Acc: 9.99% | Time: 33.20s
2026-02-26 00:18:06,086 - INFO - ⚠️ 验证集准确率未提升，连续 1/5 个 epoch
2026-02-26 00:18:39,378 - INFO - Epoch [3/50] | Train Loss: 1.6442 | Train Acc: 39.10% | Val Loss: 2.8953 | Val Acc: 9.46% | Time: 31.94s
2026-02-26 00:18:39,379 - INFO - ⚠️ 验证集准确率未提升，连续 2/5 个 epoch
2026-02-26 00:19:12,528 - INFO - Epoch [4/50] | Train Loss: 1.5360 | Train Acc: 43.74% | Val Loss: 17.2625 | Val Acc: 10.10% | Time: 31.86s
2026-02-26 00:19:12,534 - INFO - ✅ 最优模型已保存！Best Acc: 10.10%
2026-02-26 00:19:45,988 - INFO - Epoch [5/50] | Train Loss: 1.4540 | Train Acc: 47.19% | Val Loss: 19.0450 | Val Acc: 9.99% | Time: 32.13s
2026-02-26 00:19:45,988 - INFO - ⚠️ 验证集准确率未提升，连续 1/5 个 epoch
2026-02-26 00:20:19,652 - INFO - Epoch [6/50] | Train Loss: 1.4003 | Train Acc: 49.42% | Val Loss: 4.0601 | Val Acc: 9.98% | Time: 32.39s
2026-02-26 00:20:19,652 - INFO - ⚠️ 验证集准确率未提升，连续 2/5 个 epoch
2026-02-26 00:20:52,369 - INFO - Epoch [7/50] | Train Loss: 1.3553 | Train Acc: 51.39% | Val Loss: 4.3150 | Val Acc: 9.57% | Time: 31.42s
2026-02-26 00:20:52,370 - INFO - ⚠️ 验证集准确率未提升，连续 3/5 个 epoch
2026-02-26 00:21:25,492 - INFO - Epoch [8/50] | Train Loss: 1.3169 | Train Acc: 53.09% | Val Loss: 7.7932 | Val Acc: 10.01% | Time: 31.82s
2026-02-26 00:21:25,492 - INFO - ⚠️ 验证集准确率未提升，连续 4/5 个 epoch
2026-02-26 00:22:12,745 - INFO - Epoch [9/50] | Train Loss: 1.2842 | Train Acc: 54.26% | Val Loss: 9.5147 | Val Acc: 10.45% | Time: 43.13s
2026-02-26 00:22:12,751 - INFO - ✅ 最优模型已保存！Best Acc: 10.45%
2026-02-26 00:35:17,608 - INFO - Epoch [1/50] | Train Loss: 1.9855 | Train Acc: 24.64% | Val Loss: 1.6262 | Val Acc: 10.00% | Time: 37.99s
2026-02-26 00:35:17,631 - INFO - ✅ 最优模型已保存！Best Acc: 10.00%
2026-02-26 00:36:00,166 - INFO - Epoch [2/50] | Train Loss: 1.6117 | Train Acc: 40.64% | Val Loss: 1.3394 | Val Acc: 10.02% | Time: 40.31s
2026-02-26 00:36:00,180 - INFO - ✅ 最优模型已保存！Best Acc: 10.02%
2026-02-26 00:36:43,201 - INFO - Epoch [3/50] | Train Loss: 1.4079 | Train Acc: 49.16% | Val Loss: 1.4599 | Val Acc: 10.02% | Time: 40.74s
2026-02-26 00:36:43,202 - INFO - ⚠️ 验证集未提升，连续 1/10
2026-02-26 00:37:26,255 - INFO - Epoch [4/50] | Train Loss: 1.2777 | Train Acc: 54.48% | Val Loss: 1.5276 | Val Acc: 12.26% | Time: 40.81s
2026-02-26 00:37:26,272 - INFO - ✅ 最优模型已保存！Best Acc: 12.26%
2026-02-26 00:38:09,444 - INFO - Epoch [5/50] | Train Loss: 1.1592 | Train Acc: 58.91% | Val Loss: 1.1140 | Val Acc: 9.99% | Time: 40.89s
2026-02-26 00:38:09,445 - INFO - ⚠️ 验证集未提升，连续 1/10
2026-02-26 00:38:52,757 - INFO - Epoch [6/50] | Train Loss: 1.0619 | Train Acc: 62.71% | Val Loss: 0.9047 | Val Acc: 15.50% | Time: 41.08s
2026-02-26 00:38:52,768 - INFO - ✅ 最优模型已保存！Best Acc: 15.50%
2026-02-26 00:39:36,759 - INFO - Epoch [7/50] | Train Loss: 0.9854 | Train Acc: 65.74% | Val Loss: 0.8732 | Val Acc: 11.06% | Time: 41.53s
2026-02-26 00:39:36,759 - INFO - ⚠️ 验证集未提升，连续 1/10
2026-02-26 00:40:21,087 - INFO - Epoch [8/50] | Train Loss: 0.9107 | Train Acc: 68.39% | Val Loss: 0.9131 | Val Acc: 53.89% | Time: 42.06s
2026-02-26 00:40:21,102 - INFO - ✅ 最优模型已保存！Best Acc: 53.89%
2026-02-26 00:41:04,928 - INFO - Epoch [9/50] | Train Loss: 0.8610 | Train Acc: 70.28% | Val Loss: 0.6826 | Val Acc: 16.08% | Time: 41.62s
2026-02-26 00:41:04,928 - INFO - ⚠️ 验证集未提升，连续 1/10
2026-02-26 00:41:48,693 - INFO - Epoch [10/50] | Train Loss: 0.8089 | Train Acc: 72.06% | Val Loss: 1.3078 | Val Acc: 12.36% | Time: 41.24s
2026-02-26 00:41:48,693 - INFO - ⚠️ 验证集未提升，连续 2/10
2026-02-26 00:42:33,301 - INFO - Epoch [11/50] | Train Loss: 0.7742 | Train Acc: 73.19% | Val Loss: 0.7791 | Val Acc: 9.41% | Time: 42.39s
2026-02-26 00:42:33,301 - INFO - ⚠️ 验证集未提升，连续 3/10
2026-02-26 00:43:16,662 - INFO - Epoch [12/50] | Train Loss: 0.7516 | Train Acc: 74.32% | Val Loss: 0.8207 | Val Acc: 12.81% | Time: 41.15s
2026-02-26 00:43:16,662 - INFO - ⚠️ 验证集未提升，连续 4/10
2026-02-26 00:43:59,748 - INFO - Epoch [13/50] | Train Loss: 0.7221 | Train Acc: 75.52% | Val Loss: 0.8755 | Val Acc: 24.51% | Time: 40.86s
2026-02-26 00:43:59,749 - INFO - ⚠️ 验证集未提升，连续 5/10
2026-02-26 00:44:42,890 - INFO - Epoch [14/50] | Train Loss: 0.6989 | Train Acc: 76.26% | Val Loss: 0.9291 | Val Acc: 9.99% | Time: 40.93s
2026-02-26 00:44:42,890 - INFO - ⚠️ 验证集未提升，连续 6/10
2026-02-26 00:45:26,143 - INFO - Epoch [15/50] | Train Loss: 0.6728 | Train Acc: 77.04% | Val Loss: 0.8925 | Val Acc: 11.38% | Time: 40.81s
2026-02-26 00:45:26,144 - INFO - ⚠️ 验证集未提升，连续 7/10
2026-02-26 00:46:32,167 - INFO - Epoch [16/50] | Train Loss: 0.6573 | Train Acc: 77.81% | Val Loss: 0.8465 | Val Acc: 10.00% | Time: 58.94s
2026-02-26 00:46:32,168 - INFO - ⚠️ 验证集未提升，连续 8/10
2026-02-26 00:48:27,017 - INFO - Epoch [17/50] | Train Loss: 0.6299 | Train Acc: 78.53% | Val Loss: 0.5425 | Val Acc: 10.00% | Time: 101.73s
2026-02-26 00:48:27,017 - INFO - ⚠️ 验证集未提升，连续 9/10
2026-02-26 00:51:27,301 - INFO - Epoch [18/50] | Train Loss: 0.6233 | Train Acc: 78.77% | Val Loss: 0.7932 | Val Acc: 10.02% | Time: 158.46s
2026-02-26 00:51:27,301 - INFO - ⚠️ 验证集未提升，连续 10/10
2026-02-26 00:51:27,301 - INFO - 🛑 早停
2026-02-26 00:51:29,541 - INFO - 🎉 最终测试集准确率: 53.83%
2026-02-26 10:14:00,162 - INFO - Epoch [1/50] Train loss: 1.5544 acc: 0.4235 | Val loss: 1.1494 acc: 0.5821 | Time: 44.71s
2026-02-26 10:14:00,177 - INFO - Save best model with acc: 0.5821
2026-02-26 10:14:53,219 - INFO - Epoch [2/50] Train loss: 1.1719 acc: 0.5810 | Val loss: 1.0547 acc: 0.6128 | Time: 49.77s
2026-02-26 10:14:53,227 - INFO - Save best model with acc: 0.6128
2026-02-26 10:15:46,742 - INFO - Epoch [3/50] Train loss: 1.0417 acc: 0.6307 | Val loss: 1.1116 acc: 0.6172 | Time: 50.26s
2026-02-26 10:15:46,748 - INFO - Save best model with acc: 0.6172
2026-02-26 10:16:39,923 - INFO - Epoch [4/50] Train loss: 0.9538 acc: 0.6660 | Val loss: 0.8780 acc: 0.6917 | Time: 49.93s
2026-02-26 10:16:39,928 - INFO - Save best model with acc: 0.6917
2026-02-26 10:17:33,577 - INFO - Epoch [5/50] Train loss: 0.8850 acc: 0.6909 | Val loss: 0.8952 acc: 0.6895 | Time: 50.45s
2026-02-26 10:18:26,694 - INFO - Epoch [6/50] Train loss: 0.8164 acc: 0.7208 | Val loss: 0.7334 acc: 0.7427 | Time: 49.86s
2026-02-26 10:18:26,701 - INFO - Save best model with acc: 0.7427
2026-02-26 10:19:19,753 - INFO - Epoch [7/50] Train loss: 0.7694 acc: 0.7361 | Val loss: 0.7424 acc: 0.7491 | Time: 49.82s
2026-02-26 10:19:19,758 - INFO - Save best model with acc: 0.7491
2026-02-26 10:20:12,208 - INFO - Epoch [8/50] Train loss: 0.7245 acc: 0.7565 | Val loss: 0.6660 acc: 0.7694 | Time: 49.22s
2026-02-26 10:20:12,213 - INFO - Save best model with acc: 0.7694
2026-02-26 10:21:06,119 - INFO - Epoch [9/50] Train loss: 0.6981 acc: 0.7633 | Val loss: 0.6408 acc: 0.7806 | Time: 50.50s
2026-02-26 10:21:06,125 - INFO - Save best model with acc: 0.7806
2026-02-26 10:21:59,350 - INFO - Epoch [10/50] Train loss: 0.6670 acc: 0.7758 | Val loss: 0.5980 acc: 0.7962 | Time: 49.96s
2026-02-26 10:21:59,355 - INFO - Save best model with acc: 0.7962
2026-02-26 10:22:57,285 - INFO - Epoch [11/50] Train loss: 0.6461 acc: 0.7852 | Val loss: 0.5918 acc: 0.7969 | Time: 52.87s
2026-02-26 10:22:57,290 - INFO - Save best model with acc: 0.7969
2026-02-26 10:24:42,147 - INFO - Epoch [12/50] Train loss: 0.6252 acc: 0.7910 | Val loss: 0.5753 acc: 0.8010 | Time: 93.70s
2026-02-26 10:24:42,152 - INFO - Save best model with acc: 0.8010
2026-02-26 10:27:17,679 - INFO - Epoch [13/50] Train loss: 0.6024 acc: 0.7979 | Val loss: 0.6221 acc: 0.7941 | Time: 140.22s
2026-02-26 10:30:08,908 - INFO - Epoch [14/50] Train loss: 0.5881 acc: 0.8023 | Val loss: 0.5739 acc: 0.8045 | Time: 155.54s
2026-02-26 10:30:08,915 - INFO - Save best model with acc: 0.8045
2026-02-26 10:33:13,575 - INFO - Epoch [15/50] Train loss: 0.5710 acc: 0.8096 | Val loss: 0.5188 acc: 0.8259 | Time: 167.21s
2026-02-26 10:33:13,580 - INFO - Save best model with acc: 0.8259
2026-02-26 10:37:29,853 - INFO - Epoch [16/50] Train loss: 0.5591 acc: 0.8112 | Val loss: 0.5230 acc: 0.8222 | Time: 227.60s
2026-02-26 10:42:24,393 - INFO - Epoch [17/50] Train loss: 0.5353 acc: 0.8210 | Val loss: 0.5889 acc: 0.8088 | Time: 265.42s
2026-02-26 10:47:27,335 - INFO - Epoch [18/50] Train loss: 0.5313 acc: 0.8214 | Val loss: 0.5099 acc: 0.8299 | Time: 273.00s
2026-02-26 10:47:27,342 - INFO - Save best model with acc: 0.8299
2026-02-26 10:52:32,021 - INFO - Epoch [19/50] Train loss: 0.5100 acc: 0.8303 | Val loss: 0.4984 acc: 0.8319 | Time: 273.66s
2026-02-26 10:52:32,026 - INFO - Save best model with acc: 0.8319
2026-02-26 10:57:43,286 - INFO - Epoch [20/50] Train loss: 0.5002 acc: 0.8325 | Val loss: 0.4961 acc: 0.8364 | Time: 280.59s
2026-02-26 10:57:43,291 - INFO - Save best model with acc: 0.8364
2026-02-26 11:03:14,940 - INFO - Epoch [21/50] Train loss: 0.4871 acc: 0.8364 | Val loss: 0.4838 acc: 0.8331 | Time: 298.46s
2026-02-26 11:08:53,346 - INFO - Epoch [22/50] Train loss: 0.4752 acc: 0.8396 | Val loss: 0.4516 acc: 0.8480 | Time: 306.45s
2026-02-26 11:08:53,354 - INFO - Save best model with acc: 0.8480
2026-02-26 11:14:23,627 - INFO - Epoch [23/50] Train loss: 0.4617 acc: 0.8449 | Val loss: 0.4535 acc: 0.8500 | Time: 298.09s
2026-02-26 11:14:23,631 - INFO - Save best model with acc: 0.8500
2026-02-26 11:20:11,683 - INFO - Epoch [24/50] Train loss: 0.4536 acc: 0.8500 | Val loss: 0.4854 acc: 0.8393 | Time: 315.12s
2026-02-26 11:26:16,630 - INFO - Epoch [25/50] Train loss: 0.4417 acc: 0.8525 | Val loss: 0.4401 acc: 0.8528 | Time: 330.35s
2026-02-26 11:26:16,635 - INFO - Save best model with acc: 0.8528
2026-02-26 11:32:52,333 - INFO - Epoch [26/50] Train loss: 0.4278 acc: 0.8565 | Val loss: 0.4228 acc: 0.8584 | Time: 354.91s
2026-02-26 11:32:52,341 - INFO - Save best model with acc: 0.8584
2026-02-26 11:39:45,654 - INFO - Epoch [27/50] Train loss: 0.4129 acc: 0.8614 | Val loss: 0.4573 acc: 0.8518 | Time: 376.84s
2026-02-26 11:46:15,961 - INFO - Epoch [28/50] Train loss: 0.3980 acc: 0.8674 | Val loss: 0.4821 acc: 0.8423 | Time: 349.63s
2026-02-26 11:53:18,184 - INFO - Epoch [29/50] Train loss: 0.3903 acc: 0.8706 | Val loss: 0.4220 acc: 0.8591 | Time: 372.55s
2026-02-26 11:53:18,189 - INFO - Save best model with acc: 0.8591
2026-02-26 12:00:05,154 - INFO - Epoch [30/50] Train loss: 0.3779 acc: 0.8755 | Val loss: 0.4224 acc: 0.8566 | Time: 369.77s
2026-02-26 12:06:30,960 - INFO - Epoch [31/50] Train loss: 0.3623 acc: 0.8792 | Val loss: 0.3858 acc: 0.8701 | Time: 347.48s
2026-02-26 12:06:30,968 - INFO - Save best model with acc: 0.8701
2026-02-26 12:13:06,854 - INFO - Epoch [32/50] Train loss: 0.3582 acc: 0.8810 | Val loss: 0.3966 acc: 0.8692 | Time: 357.77s
2026-02-26 12:19:40,161 - INFO - Epoch [33/50] Train loss: 0.3403 acc: 0.8892 | Val loss: 0.3954 acc: 0.8700 | Time: 354.60s
2026-02-26 12:26:14,996 - INFO - Epoch [34/50] Train loss: 0.3290 acc: 0.8902 | Val loss: 0.4027 acc: 0.8662 | Time: 357.53s
2026-02-26 12:32:42,797 - INFO - Epoch [35/50] Train loss: 0.3179 acc: 0.8951 | Val loss: 0.3750 acc: 0.8799 | Time: 349.67s
2026-02-26 12:32:42,805 - INFO - Save best model with acc: 0.8799
2026-02-26 12:39:20,805 - INFO - Epoch [36/50] Train loss: 0.3103 acc: 0.8964 | Val loss: 0.3714 acc: 0.8790 | Time: 358.29s
2026-02-26 12:46:20,165 - INFO - Epoch [37/50] Train loss: 0.2962 acc: 0.9015 | Val loss: 0.3707 acc: 0.8815 | Time: 378.99s
2026-02-26 12:46:20,170 - INFO - Save best model with acc: 0.8815
2026-02-26 12:53:33,036 - INFO - Epoch [38/50] Train loss: 0.2867 acc: 0.9047 | Val loss: 0.3723 acc: 0.8789 | Time: 388.39s
2026-02-26 13:00:53,246 - INFO - Epoch [39/50] Train loss: 0.2800 acc: 0.9069 | Val loss: 0.3591 acc: 0.8833 | Time: 398.51s
2026-02-26 13:00:53,251 - INFO - Save best model with acc: 0.8833
2026-02-26 13:08:01,178 - INFO - Epoch [40/50] Train loss: 0.2659 acc: 0.9118 | Val loss: 0.3636 acc: 0.8819 | Time: 383.15s
2026-02-26 13:15:24,927 - INFO - Epoch [41/50] Train loss: 0.2581 acc: 0.9139 | Val loss: 0.3610 acc: 0.8812 | Time: 400.66s
2026-02-26 13:22:55,210 - INFO - Epoch [42/50] Train loss: 0.2529 acc: 0.9161 | Val loss: 0.3550 acc: 0.8856 | Time: 406.58s
2026-02-26 13:22:55,218 - INFO - Save best model with acc: 0.8856
2026-02-26 13:30:19,139 - INFO - Epoch [43/50] Train loss: 0.2460 acc: 0.9182 | Val loss: 0.3557 acc: 0.8866 | Time: 400.66s
2026-02-26 13:30:19,144 - INFO - Save best model with acc: 0.8866
2026-02-26 13:37:36,730 - INFO - Epoch [44/50] Train loss: 0.2376 acc: 0.9219 | Val loss: 0.3577 acc: 0.8872 | Time: 395.13s
2026-02-26 13:37:36,735 - INFO - Save best model with acc: 0.8872
2026-02-26 13:44:51,732 - INFO - Epoch [45/50] Train loss: 0.2327 acc: 0.9236 | Val loss: 0.3500 acc: 0.8874 | Time: 392.49s
2026-02-26 13:44:51,739 - INFO - Save best model with acc: 0.8874
2026-02-26 13:52:08,903 - INFO - Epoch [46/50] Train loss: 0.2328 acc: 0.9230 | Val loss: 0.3478 acc: 0.8881 | Time: 394.00s
2026-02-26 13:52:08,911 - INFO - Save best model with acc: 0.8881
2026-02-26 13:59:25,886 - INFO - Epoch [47/50] Train loss: 0.2293 acc: 0.9249 | Val loss: 0.3497 acc: 0.8890 | Time: 394.47s
2026-02-26 13:59:25,890 - INFO - Save best model with acc: 0.8890
2026-02-26 14:06:41,240 - INFO - Epoch [48/50] Train loss: 0.2234 acc: 0.9255 | Val loss: 0.3479 acc: 0.8880 | Time: 393.01s
2026-02-26 14:13:56,181 - INFO - Epoch [49/50] Train loss: 0.2228 acc: 0.9288 | Val loss: 0.3458 acc: 0.8901 | Time: 392.59s
2026-02-26 14:13:56,186 - INFO - Save best model with acc: 0.8901
2026-02-26 14:21:14,434 - INFO - Epoch [50/50] Train loss: 0.2223 acc: 0.9265 | Val loss: 0.3464 acc: 0.8889 | Time: 395.20s
